Using pre-set license
Built from '2020.3/staging' branch; Version is '2020.3.8f1 (507919d4fff5) revision 5273881'; Using compiler version '192528614'; Build Type 'Release'
OS: 'Windows 10 Home; OS build 19042.1237; Version 2009; 64bit' Language: 'ko' Physical Memory: 16177 MB
BatchMode: 1, IsHumanControllingUs: 0, StartBugReporterOnCrash: 0, Is64bit: 1, IsPro: 0

 COMMAND LINE ARGUMENTS:
C:\Program Files\Unity\Hub\Editor\2020.3.8f1\Editor\Unity.exe
-adb2
-batchMode
-noUpm
-name
AssetImportWorker0
-projectPath
C:/Users/82105/ARCamera
-logFile
Logs/AssetImportWorker0.log
-srvPort
51780
Successfully changed project path to: C:/Users/82105/ARCamera
C:/Users/82105/ARCamera
Using Asset Import Pipeline V2.
Refreshing native plugins compatible for Editor in 31.91 ms, found 0 plugins.
Preloading 0 native plugins for Editor in 0.00 ms.
Initialize engine version: 2020.3.8f1 (507919d4fff5)
[Subsystems] Discovering subsystems at path C:/Program Files/Unity/Hub/Editor/2020.3.8f1/Editor/Data/Resources/UnitySubsystems
[Subsystems] Discovering subsystems at path C:/Users/82105/ARCamera/Assets
GfxDevice: creating device client; threaded=0
Direct3D:
    Version:  Direct3D 11.0 [level 11.1]
    Renderer: NVIDIA GeForce GTX 1650 Ti with Max-Q Design (ID=0x1f95)
    Vendor:   
    VRAM:     3962 MB
    Driver:   27.21.14.6259
Initialize mono
Mono path[0] = 'C:/Program Files/Unity/Hub/Editor/2020.3.8f1/Editor/Data/Managed'
Mono path[1] = 'C:/Program Files/Unity/Hub/Editor/2020.3.8f1/Editor/Data/MonoBleedingEdge/lib/mono/unityjit'
Mono config path = 'C:/Program Files/Unity/Hub/Editor/2020.3.8f1/Editor/Data/MonoBleedingEdge/etc'
Using monoOptions --debugger-agent=transport=dt_socket,embedding=1,server=y,suspend=n,address=127.0.0.1:56368
Begin MonoManager ReloadAssembly
Registering precompiled unity dll's ...
Register platform support module: C:/Program Files/Unity/Hub/Editor/2020.3.8f1/Editor/Data/PlaybackEngines/WindowsStandaloneSupport/UnityEditor.WindowsStandalone.Extensions.dll
Registered in 0.002015 seconds.
Native extension for WindowsStandalone target not found
Refreshing native plugins compatible for Editor in 35.01 ms, found 0 plugins.
Preloading 0 native plugins for Editor in 0.00 ms.
Mono: successfully reloaded assembly
- Completed reload, in  2.042 seconds
Platform modules already initialized, skipping
Registering precompiled user dll's ...
Registered in 0.000875 seconds.
Begin MonoManager ReloadAssembly
Native extension for WindowsStandalone target not found
Refreshing native plugins compatible for Editor in 0.43 ms, found 0 plugins.
Preloading 0 native plugins for Editor in 0.00 ms.
Mono: successfully reloaded assembly
- Completed reload, in  1.028 seconds
Platform modules already initialized, skipping
========================================================================
Worker process is ready to serve import requests
Launched and connected shader compiler UnityShaderCompiler.exe after 0.05 seconds
Refreshing native plugins compatible for Editor in 0.26 ms, found 0 plugins.
Preloading 0 native plugins for Editor in 0.00 ms.
Unloading 1462 Unused Serialized files (Serialized files now loaded: 0)
System memory in use before: 70.1 MB.
System memory in use after: 70.1 MB.

Unloading 12 unused Assets to reduce memory usage. Loaded Objects now: 1904.
Total: 2.174200 ms (FindLiveObjects: 0.157400 ms CreateObjectMapping: 0.057400 ms MarkObjects: 1.856400 ms  DeleteObjects: 0.101800 ms)

========================================================================
Received Import Request.
  path: Assets/Scripts/ARPlaceOnPlane.cs
  artifactKey: Guid(8513bbe7b2d34e54fb3f29b8fdd6eacb) Importer(815301076,1909f56bfc062723c751e8b465ee728b)
Start importing Assets/Scripts/ARPlaceOnPlane.cs using Guid(8513bbe7b2d34e54fb3f29b8fdd6eacb) Importer(815301076,1909f56bfc062723c751e8b465ee728b)  -> (artifact id: 'e7926ccb88f8a73c2c98a9e31281da62') in 0.035376 seconds
  Import took 0.038660 seconds .

========================================================================
Received Prepare
Registering precompiled user dll's ...
Registered in 0.000828 seconds.
Begin MonoManager ReloadAssembly
Native extension for WindowsStandalone target not found
Refreshing native plugins compatible for Editor in 0.24 ms, found 0 plugins.
Preloading 0 native plugins for Editor in 0.00 ms.
Mono: successfully reloaded assembly
- Completed reload, in  0.704 seconds
Platform modules already initialized, skipping
Switching build target platform(5) subTarget(0) extendedPlatform(0) -> platform(13) subTarget(524288) extendedPlatform(0)
Refreshing native plugins compatible for Editor in 0.32 ms, found 0 plugins.
Preloading 0 native plugins for Editor in 0.00 ms.
Unloading 1456 Unused Serialized files (Serialized files now loaded: 0)
System memory in use before: 69.8 MB.
System memory in use after: 69.9 MB.

Unloading 7 unused Assets to reduce memory usage. Loaded Objects now: 1908.
Total: 1.494800 ms (FindLiveObjects: 0.142400 ms CreateObjectMapping: 0.054100 ms MarkObjects: 1.234100 ms  DeleteObjects: 0.063000 ms)

AssetImportParameters requested are different than current active one (requested -> active):
  custom:graphics/normal-map-encoding: 01000000000000000000000000000000 -> 02000000000000000000000000000000
========================================================================
Received Import Request.
  Time since last request: 2558.932232 seconds.
  path: Assets/Scripts/ARPlaceOnPlane.cs
  artifactKey: Guid(8513bbe7b2d34e54fb3f29b8fdd6eacb) Importer(815301076,1909f56bfc062723c751e8b465ee728b)
Start importing Assets/Scripts/ARPlaceOnPlane.cs using Guid(8513bbe7b2d34e54fb3f29b8fdd6eacb) Importer(815301076,1909f56bfc062723c751e8b465ee728b)  -> (artifact id: '0063ca43f78112a5a7ebc57acdddcc4f') in 0.012324 seconds
  Import took 0.021822 seconds .

========================================================================
Received Import Request.
  Time since last request: 0.054501 seconds.
  path: Assets/Scripts/ARPlaceOnPlane.cs
  artifactKey: Guid(8513bbe7b2d34e54fb3f29b8fdd6eacb) Importer(815301076,1909f56bfc062723c751e8b465ee728b)
Start importing Assets/Scripts/ARPlaceOnPlane.cs using Guid(8513bbe7b2d34e54fb3f29b8fdd6eacb) Importer(815301076,1909f56bfc062723c751e8b465ee728b)  -> (artifact id: '0063ca43f78112a5a7ebc57acdddcc4f') in 0.005512 seconds
  Import took 0.012355 seconds .

AssetImportWorkerClient::OnTransportError - code=2 error=End of file
