Using pre-set license
Built from '2020.3/staging' branch; Version is '2020.3.8f1 (507919d4fff5) revision 5273881'; Using compiler version '192528614'; Build Type 'Release'
OS: 'Windows 10 Home; OS build 19042.1165; Version 2009; 64bit' Language: 'ko' Physical Memory: 16177 MB
BatchMode: 1, IsHumanControllingUs: 0, StartBugReporterOnCrash: 0, Is64bit: 1, IsPro: 0

 COMMAND LINE ARGUMENTS:
C:\Program Files\Unity\Hub\Editor\2020.3.8f1\Editor\Unity.exe
-adb2
-batchMode
-noUpm
-name
AssetImportWorker0
-projectPath
C:/Users/82105/ARCamera
-logFile
Logs/AssetImportWorker0.log
-srvPort
53581
Successfully changed project path to: C:/Users/82105/ARCamera
C:/Users/82105/ARCamera
Using Asset Import Pipeline V2.
Refreshing native plugins compatible for Editor in 25.14 ms, found 0 plugins.
Preloading 0 native plugins for Editor in 0.00 ms.
Initialize engine version: 2020.3.8f1 (507919d4fff5)
[Subsystems] Discovering subsystems at path C:/Program Files/Unity/Hub/Editor/2020.3.8f1/Editor/Data/Resources/UnitySubsystems
[Subsystems] Discovering subsystems at path C:/Users/82105/ARCamera/Assets
GfxDevice: creating device client; threaded=0
Direct3D:
    Version:  Direct3D 11.0 [level 11.1]
    Renderer: NVIDIA GeForce GTX 1650 Ti with Max-Q Design (ID=0x1f95)
    Vendor:   
    VRAM:     3962 MB
    Driver:   27.21.14.6259
Initialize mono
Mono path[0] = 'C:/Program Files/Unity/Hub/Editor/2020.3.8f1/Editor/Data/Managed'
Mono path[1] = 'C:/Program Files/Unity/Hub/Editor/2020.3.8f1/Editor/Data/MonoBleedingEdge/lib/mono/unityjit'
Mono config path = 'C:/Program Files/Unity/Hub/Editor/2020.3.8f1/Editor/Data/MonoBleedingEdge/etc'
Using monoOptions --debugger-agent=transport=dt_socket,embedding=1,server=y,suspend=n,address=127.0.0.1:56444
Begin MonoManager ReloadAssembly
Registering precompiled unity dll's ...
Register platform support module: C:/Program Files/Unity/Hub/Editor/2020.3.8f1/Editor/Data/PlaybackEngines/WindowsStandaloneSupport/UnityEditor.WindowsStandalone.Extensions.dll
Registered in 0.002443 seconds.
Native extension for WindowsStandalone target not found
Refreshing native plugins compatible for Editor in 28.26 ms, found 0 plugins.
Preloading 0 native plugins for Editor in 0.00 ms.
Mono: successfully reloaded assembly
- Completed reload, in  2.698 seconds
Platform modules already initialized, skipping
Registering precompiled user dll's ...
Registered in 0.002130 seconds.
Begin MonoManager ReloadAssembly
Native extension for WindowsStandalone target not found
Refreshing native plugins compatible for Editor in 0.25 ms, found 0 plugins.
Preloading 0 native plugins for Editor in 0.00 ms.
Mono: successfully reloaded assembly
- Completed reload, in  0.832 seconds
Platform modules already initialized, skipping
========================================================================
Worker process is ready to serve import requests
Launched and connected shader compiler UnityShaderCompiler.exe after 0.04 seconds
Refreshing native plugins compatible for Editor in 0.24 ms, found 0 plugins.
Preloading 0 native plugins for Editor in 0.00 ms.
Unloading 1461 Unused Serialized files (Serialized files now loaded: 0)
System memory in use before: 70.0 MB.
System memory in use after: 70.0 MB.

Unloading 11 unused Assets to reduce memory usage. Loaded Objects now: 1904.
Total: 1.585400 ms (FindLiveObjects: 0.136800 ms CreateObjectMapping: 0.054200 ms MarkObjects: 1.328700 ms  DeleteObjects: 0.064900 ms)

========================================================================
Received Import Request.
  path: Assets
  artifactKey: Guid(00000000000000001000000000000000) Importer(815301076,1909f56bfc062723c751e8b465ee728b)
Start importing Assets using Guid(00000000000000001000000000000000) Importer(815301076,1909f56bfc062723c751e8b465ee728b)  -> (artifact id: '42d402b061de3733987d63b9cc3b64de') in 0.020488 seconds
  Import took 0.022546 seconds .

========================================================================
Received Import Request.
  Time since last request: 48.883450 seconds.
  path: Assets/13917_Pepperoni_v2_l2.obj
  artifactKey: Guid(ee998e4d0f11a4a47a7c73b188d1676f) Importer(815301076,1909f56bfc062723c751e8b465ee728b)
Start importing Assets/13917_Pepperoni_v2_l2.obj using Guid(ee998e4d0f11a4a47a7c73b188d1676f) Importer(815301076,1909f56bfc062723c751e8b465ee728b)  -> (artifact id: 'ed5a592e4b659a846e4d3b89362dc651') in 0.239720 seconds
  Import took 0.243220 seconds .

========================================================================
Received Import Request.
  Time since last request: 74.320294 seconds.
  path: Assets/44296_open3dmodel.com.rar
  artifactKey: Guid(b1bef4e7d3ba4a04c9d39bdf79d9f80a) Importer(815301076,1909f56bfc062723c751e8b465ee728b)
Start importing Assets/44296_open3dmodel.com.rar using Guid(b1bef4e7d3ba4a04c9d39bdf79d9f80a) Importer(815301076,1909f56bfc062723c751e8b465ee728b)  -> (artifact id: 'fbcab6643a89753e1aff8f521dc12716') in 0.009601 seconds
  Import took 0.012032 seconds .

========================================================================
Received Import Request.
  Time since last request: 61.167440 seconds.
  path: Assets/13917_Pepperoni_diffuse.jpg
  artifactKey: Guid(f4707eaa6b6f5e341b33b740fdfd79b7) Importer(815301076,1909f56bfc062723c751e8b465ee728b)
Start importing Assets/13917_Pepperoni_diffuse.jpg using Guid(f4707eaa6b6f5e341b33b740fdfd79b7) Importer(815301076,1909f56bfc062723c751e8b465ee728b)  -> (artifact id: 'c5a18bdd2db0c5e99f30ddaa88d7955b') in 0.065253 seconds
  Import took 0.067490 seconds .

========================================================================
Received Import Request.
  Time since last request: 0.000164 seconds.
  path: Assets/13917_Pepperoni_v2_l2.obj
  artifactKey: Guid(ee998e4d0f11a4a47a7c73b188d1676f) Importer(815301076,1909f56bfc062723c751e8b465ee728b)
Start importing Assets/13917_Pepperoni_v2_l2.obj using Guid(ee998e4d0f11a4a47a7c73b188d1676f) Importer(815301076,1909f56bfc062723c751e8b465ee728b)  -> (artifact id: '45214ede132f352877d812cac9d722ea') in 0.062985 seconds
  Import took 0.065197 seconds .

========================================================================
Received Import Request.
  Time since last request: 0.000192 seconds.
  path: Assets/plate_diffuse.jpg
  artifactKey: Guid(8012686bfacfc504a950fa8a1e5a8d21) Importer(815301076,1909f56bfc062723c751e8b465ee728b)
Start importing Assets/plate_diffuse.jpg using Guid(8012686bfacfc504a950fa8a1e5a8d21) Importer(815301076,1909f56bfc062723c751e8b465ee728b)  -> (artifact id: '0038e94e1e0b255bfa3c755330f3b531') in 0.022560 seconds
  Import took 0.026028 seconds .

========================================================================
Received Import Request.
  Time since last request: 7.351380 seconds.
  path: Assets/13917_Pepperoni_v2_l2.mtl
  artifactKey: Guid(a14da8edda957b846a3d66c1ff855afc) Importer(815301076,1909f56bfc062723c751e8b465ee728b)
Start importing Assets/13917_Pepperoni_v2_l2.mtl using Guid(a14da8edda957b846a3d66c1ff855afc) Importer(815301076,1909f56bfc062723c751e8b465ee728b)  -> (artifact id: 'b173778cd4a46fd5a81c6f9380946c7f') in 0.005125 seconds
  Import took 0.007514 seconds .

========================================================================
Received Import Request.
  Time since last request: 0.001256 seconds.
  path: Assets/13917_Pepperoni_v2_l2.mtl
  artifactKey: Guid(a14da8edda957b846a3d66c1ff855afc) Importer(815301076,1909f56bfc062723c751e8b465ee728b)
Start importing Assets/13917_Pepperoni_v2_l2.mtl using Guid(a14da8edda957b846a3d66c1ff855afc) Importer(815301076,1909f56bfc062723c751e8b465ee728b)  -> (artifact id: 'b173778cd4a46fd5a81c6f9380946c7f') in 0.003281 seconds
  Import took 0.006433 seconds .

========================================================================
Received Prepare
Registering precompiled user dll's ...
Registered in 0.001033 seconds.
Begin MonoManager ReloadAssembly
Native extension for WindowsStandalone target not found
Refreshing native plugins compatible for Editor in 0.25 ms, found 0 plugins.
Preloading 0 native plugins for Editor in 0.00 ms.
Mono: successfully reloaded assembly
- Completed reload, in  0.841 seconds
Platform modules already initialized, skipping
Switching build target platform(5) subTarget(0) extendedPlatform(0) -> platform(13) subTarget(524288) extendedPlatform(0)
Refreshing native plugins compatible for Editor in 0.31 ms, found 0 plugins.
Preloading 0 native plugins for Editor in 0.00 ms.
Unloading 1455 Unused Serialized files (Serialized files now loaded: 0)
System memory in use before: 73.1 MB.
System memory in use after: 73.2 MB.

Unloading 6 unused Assets to reduce memory usage. Loaded Objects now: 1953.
Total: 2.052700 ms (FindLiveObjects: 0.178000 ms CreateObjectMapping: 0.065000 ms MarkObjects: 1.754700 ms  DeleteObjects: 0.053500 ms)

AssetImportParameters requested are different than current active one (requested -> active):
  custom:graphics/normal-map-encoding: 01000000000000000000000000000000 -> 02000000000000000000000000000000
========================================================================
Received Import Request.
  Time since last request: 130.496941 seconds.
  path: Assets/Scripts
  artifactKey: Guid(b827bd60a3b1ae04ab5093c8e24a8658) Importer(815301076,1909f56bfc062723c751e8b465ee728b)
Start importing Assets/Scripts using Guid(b827bd60a3b1ae04ab5093c8e24a8658) Importer(815301076,1909f56bfc062723c751e8b465ee728b)  -> (artifact id: '423019160f0746e5b7edf74d67d59af6') in 0.008783 seconds
  Import took 0.011427 seconds .

========================================================================
Received Prepare
Registering precompiled user dll's ...
Registered in 0.000722 seconds.
Begin MonoManager ReloadAssembly
Native extension for WindowsStandalone target not found
Refreshing native plugins compatible for Editor in 0.25 ms, found 0 plugins.
Preloading 0 native plugins for Editor in 0.00 ms.
Mono: successfully reloaded assembly
- Completed reload, in  0.745 seconds
Platform modules already initialized, skipping
Switching build target platform(5) subTarget(0) extendedPlatform(0) -> platform(13) subTarget(524288) extendedPlatform(0)
Refreshing native plugins compatible for Editor in 0.26 ms, found 0 plugins.
Preloading 0 native plugins for Editor in 0.00 ms.
Unloading 1455 Unused Serialized files (Serialized files now loaded: 0)
System memory in use before: 73.2 MB.
System memory in use after: 73.2 MB.

Unloading 6 unused Assets to reduce memory usage. Loaded Objects now: 1957.
Total: 1.612200 ms (FindLiveObjects: 0.146700 ms CreateObjectMapping: 0.053100 ms MarkObjects: 1.360700 ms  DeleteObjects: 0.050900 ms)

AssetImportParameters requested are different than current active one (requested -> active):
  custom:graphics/normal-map-encoding: 01000000000000000000000000000000 -> 02000000000000000000000000000000
========================================================================
Received Import Request.
  Time since last request: 36.503869 seconds.
  path: Assets/Materials
  artifactKey: Guid(fac7c9927d20d754ba880978d2390dee) Importer(815301076,1909f56bfc062723c751e8b465ee728b)
Start importing Assets/Materials using Guid(fac7c9927d20d754ba880978d2390dee) Importer(815301076,1909f56bfc062723c751e8b465ee728b)  -> (artifact id: '9f7a309ead2b1c7f56c8dd09b7903673') in 0.009210 seconds
  Import took 0.012179 seconds .

========================================================================
Received Import Request.
  Time since last request: 0.005195 seconds.
  path: Assets/Materials
  artifactKey: Guid(fac7c9927d20d754ba880978d2390dee) Importer(815301076,1909f56bfc062723c751e8b465ee728b)
Start importing Assets/Materials using Guid(fac7c9927d20d754ba880978d2390dee) Importer(815301076,1909f56bfc062723c751e8b465ee728b)  -> (artifact id: '9f7a309ead2b1c7f56c8dd09b7903673') in 0.003870 seconds
  Import took 0.006348 seconds .

========================================================================
Received Import Request.
  Time since last request: 59.808706 seconds.
  path: Assets/13917_Pepperoni_diffuse.jpg
  artifactKey: Guid(0b9032cda1dd7994e918c2451f358c89) Importer(815301076,1909f56bfc062723c751e8b465ee728b)
Start importing Assets/13917_Pepperoni_diffuse.jpg using Guid(0b9032cda1dd7994e918c2451f358c89) Importer(815301076,1909f56bfc062723c751e8b465ee728b)  -> (artifact id: '10ae58428c3f1e87cc6a936daef72bd4') in 0.041893 seconds
  Import took 0.044229 seconds .

========================================================================
Received Import Request.
  Time since last request: 0.000323 seconds.
  path: Assets/13917_Pepperoni_v2_l2.obj
  artifactKey: Guid(7e8efddffb7c65d46b47cbdabdf9296c) Importer(815301076,1909f56bfc062723c751e8b465ee728b)
Start importing Assets/13917_Pepperoni_v2_l2.obj using Guid(7e8efddffb7c65d46b47cbdabdf9296c) Importer(815301076,1909f56bfc062723c751e8b465ee728b)  -> (artifact id: '794baedc440dec50608231cd654d0b8b') in 0.242492 seconds
  Import took 0.244547 seconds .

========================================================================
Received Import Request.
  Time since last request: 0.000289 seconds.
  path: Assets/plate_diffuse.jpg
  artifactKey: Guid(a06a8302a183f034bacdfdf3e61338c7) Importer(815301076,1909f56bfc062723c751e8b465ee728b)
Start importing Assets/plate_diffuse.jpg using Guid(a06a8302a183f034bacdfdf3e61338c7) Importer(815301076,1909f56bfc062723c751e8b465ee728b)  -> (artifact id: 'fe90e88782197161a4704cf8603ac949') in 0.013970 seconds
  Import took 0.015940 seconds .

========================================================================
Received Prepare
Registering precompiled user dll's ...
Registered in 0.001010 seconds.
Begin MonoManager ReloadAssembly
Native extension for WindowsStandalone target not found
Refreshing native plugins compatible for Editor in 0.25 ms, found 0 plugins.
Preloading 0 native plugins for Editor in 0.00 ms.
Mono: successfully reloaded assembly
- Completed reload, in  0.824 seconds
Platform modules already initialized, skipping
Switching build target platform(5) subTarget(0) extendedPlatform(0) -> platform(13) subTarget(524288) extendedPlatform(0)
Refreshing native plugins compatible for Editor in 0.24 ms, found 0 plugins.
Preloading 0 native plugins for Editor in 0.00 ms.
Unloading 1455 Unused Serialized files (Serialized files now loaded: 0)
System memory in use before: 73.3 MB.
System memory in use after: 73.3 MB.

Unloading 6 unused Assets to reduce memory usage. Loaded Objects now: 1962.
Total: 1.808800 ms (FindLiveObjects: 0.155300 ms CreateObjectMapping: 0.052200 ms MarkObjects: 1.545600 ms  DeleteObjects: 0.054700 ms)

AssetImportParameters requested are different than current active one (requested -> active):
  custom:graphics/normal-map-encoding: 01000000000000000000000000000000 -> 02000000000000000000000000000000
========================================================================
Received Prepare
Registering precompiled user dll's ...
Registered in 0.000843 seconds.
Begin MonoManager ReloadAssembly
Native extension for WindowsStandalone target not found
Refreshing native plugins compatible for Editor in 0.24 ms, found 0 plugins.
Preloading 0 native plugins for Editor in 0.00 ms.
Mono: successfully reloaded assembly
- Completed reload, in  0.755 seconds
Platform modules already initialized, skipping
Switching build target platform(5) subTarget(0) extendedPlatform(0) -> platform(13) subTarget(524288) extendedPlatform(0)
Refreshing native plugins compatible for Editor in 0.25 ms, found 0 plugins.
Preloading 0 native plugins for Editor in 0.00 ms.
Unloading 1455 Unused Serialized files (Serialized files now loaded: 0)
System memory in use before: 73.3 MB.
System memory in use after: 73.4 MB.

Unloading 6 unused Assets to reduce memory usage. Loaded Objects now: 1966.
Total: 1.615600 ms (FindLiveObjects: 0.145200 ms CreateObjectMapping: 0.053800 ms MarkObjects: 1.326500 ms  DeleteObjects: 0.089100 ms)

AssetImportParameters requested are different than current active one (requested -> active):
  custom:graphics/normal-map-encoding: 01000000000000000000000000000000 -> 02000000000000000000000000000000
========================================================================
Received Prepare
Registering precompiled user dll's ...
Registered in 0.000797 seconds.
Begin MonoManager ReloadAssembly
Native extension for WindowsStandalone target not found
Refreshing native plugins compatible for Editor in 0.47 ms, found 0 plugins.
Preloading 0 native plugins for Editor in 0.00 ms.
Mono: successfully reloaded assembly
- Completed reload, in  0.836 seconds
Platform modules already initialized, skipping
Switching build target platform(5) subTarget(0) extendedPlatform(0) -> platform(13) subTarget(524288) extendedPlatform(0)
Refreshing native plugins compatible for Editor in 0.28 ms, found 0 plugins.
Preloading 0 native plugins for Editor in 0.00 ms.
Unloading 1455 Unused Serialized files (Serialized files now loaded: 0)
System memory in use before: 73.3 MB.
System memory in use after: 73.4 MB.

Unloading 6 unused Assets to reduce memory usage. Loaded Objects now: 1970.
Total: 1.663900 ms (FindLiveObjects: 0.163000 ms CreateObjectMapping: 0.055800 ms MarkObjects: 1.399500 ms  DeleteObjects: 0.044500 ms)

AssetImportParameters requested are different than current active one (requested -> active):
  custom:graphics/normal-map-encoding: 01000000000000000000000000000000 -> 02000000000000000000000000000000
========================================================================
Received Prepare
Refreshing native plugins compatible for Editor in 0.81 ms, found 0 plugins.
Preloading 0 native plugins for Editor in 0.00 ms.
Unloading 3 Unused Serialized files (Serialized files now loaded: 0)
System memory in use before: 44.3 MB.
System memory in use after: 44.4 MB.

Unloading 3 unused Assets to reduce memory usage. Loaded Objects now: 1970.
Total: 2.063400 ms (FindLiveObjects: 0.148900 ms CreateObjectMapping: 0.055500 ms MarkObjects: 1.816200 ms  DeleteObjects: 0.042100 ms)

========================================================================
Received Prepare
Registering precompiled user dll's ...
Registered in 0.000874 seconds.
Begin MonoManager ReloadAssembly
Native extension for WindowsStandalone target not found
Refreshing native plugins compatible for Editor in 0.39 ms, found 0 plugins.
Preloading 0 native plugins for Editor in 0.00 ms.
Mono: successfully reloaded assembly
- Completed reload, in  0.762 seconds
Platform modules already initialized, skipping
Switching build target platform(5) subTarget(0) extendedPlatform(0) -> platform(13) subTarget(524288) extendedPlatform(0)
Refreshing native plugins compatible for Editor in 0.25 ms, found 0 plugins.
Preloading 0 native plugins for Editor in 0.00 ms.
Unloading 1455 Unused Serialized files (Serialized files now loaded: 0)
System memory in use before: 73.3 MB.
System memory in use after: 73.4 MB.

Unloading 6 unused Assets to reduce memory usage. Loaded Objects now: 1974.
Total: 1.606300 ms (FindLiveObjects: 0.181200 ms CreateObjectMapping: 0.072200 ms MarkObjects: 1.305800 ms  DeleteObjects: 0.046000 ms)

AssetImportParameters requested are different than current active one (requested -> active):
  custom:graphics/normal-map-encoding: 01000000000000000000000000000000 -> 02000000000000000000000000000000
========================================================================
Received Prepare
Refreshing native plugins compatible for Editor in 0.87 ms, found 0 plugins.
Preloading 0 native plugins for Editor in 0.00 ms.
Unloading 3 Unused Serialized files (Serialized files now loaded: 0)
System memory in use before: 44.3 MB.
System memory in use after: 44.4 MB.

Unloading 3 unused Assets to reduce memory usage. Loaded Objects now: 1974.
Total: 1.848000 ms (FindLiveObjects: 0.171000 ms CreateObjectMapping: 0.059900 ms MarkObjects: 1.558800 ms  DeleteObjects: 0.056900 ms)

========================================================================
Received Prepare
Registering precompiled user dll's ...
Registered in 0.000796 seconds.
Begin MonoManager ReloadAssembly
Native extension for WindowsStandalone target not found
Refreshing native plugins compatible for Editor in 0.25 ms, found 0 plugins.
Preloading 0 native plugins for Editor in 0.00 ms.
Mono: successfully reloaded assembly
- Completed reload, in  0.766 seconds
Platform modules already initialized, skipping
Switching build target platform(5) subTarget(0) extendedPlatform(0) -> platform(13) subTarget(524288) extendedPlatform(0)
Refreshing native plugins compatible for Editor in 0.24 ms, found 0 plugins.
Preloading 0 native plugins for Editor in 0.00 ms.
Unloading 1455 Unused Serialized files (Serialized files now loaded: 0)
System memory in use before: 73.3 MB.
System memory in use after: 73.4 MB.

Unloading 6 unused Assets to reduce memory usage. Loaded Objects now: 1978.
Total: 1.570100 ms (FindLiveObjects: 0.142700 ms CreateObjectMapping: 0.053900 ms MarkObjects: 1.328500 ms  DeleteObjects: 0.043900 ms)

AssetImportParameters requested are different than current active one (requested -> active):
  custom:graphics/normal-map-encoding: 01000000000000000000000000000000 -> 02000000000000000000000000000000
========================================================================
Received Prepare
Refreshing native plugins compatible for Editor in 0.84 ms, found 0 plugins.
Preloading 0 native plugins for Editor in 0.00 ms.
Unloading 3 Unused Serialized files (Serialized files now loaded: 0)
System memory in use before: 44.3 MB.
System memory in use after: 44.4 MB.

Unloading 3 unused Assets to reduce memory usage. Loaded Objects now: 1978.
Total: 2.621900 ms (FindLiveObjects: 0.143700 ms CreateObjectMapping: 0.055800 ms MarkObjects: 2.298400 ms  DeleteObjects: 0.122400 ms)

========================================================================
Received Prepare
Refreshing native plugins compatible for Editor in 0.74 ms, found 0 plugins.
Preloading 0 native plugins for Editor in 0.00 ms.
Unloading 3 Unused Serialized files (Serialized files now loaded: 0)
System memory in use before: 44.3 MB.
System memory in use after: 44.4 MB.

Unloading 3 unused Assets to reduce memory usage. Loaded Objects now: 1978.
Total: 1.872300 ms (FindLiveObjects: 0.167200 ms CreateObjectMapping: 0.054700 ms MarkObjects: 1.601200 ms  DeleteObjects: 0.048100 ms)

========================================================================
Received Prepare
Registering precompiled user dll's ...
Registered in 0.000796 seconds.
Begin MonoManager ReloadAssembly
Native extension for WindowsStandalone target not found
Refreshing native plugins compatible for Editor in 0.24 ms, found 0 plugins.
Preloading 0 native plugins for Editor in 0.00 ms.
Mono: successfully reloaded assembly
- Completed reload, in  0.797 seconds
Platform modules already initialized, skipping
Switching build target platform(5) subTarget(0) extendedPlatform(0) -> platform(13) subTarget(524288) extendedPlatform(0)
Refreshing native plugins compatible for Editor in 0.25 ms, found 0 plugins.
Preloading 0 native plugins for Editor in 0.00 ms.
Unloading 1455 Unused Serialized files (Serialized files now loaded: 0)
System memory in use before: 73.3 MB.
System memory in use after: 73.4 MB.

Unloading 6 unused Assets to reduce memory usage. Loaded Objects now: 1982.
Total: 1.577100 ms (FindLiveObjects: 0.148200 ms CreateObjectMapping: 0.054100 ms MarkObjects: 1.328700 ms  DeleteObjects: 0.045100 ms)

AssetImportParameters requested are different than current active one (requested -> active):
  custom:graphics/normal-map-encoding: 01000000000000000000000000000000 -> 02000000000000000000000000000000
========================================================================
Received Prepare
Refreshing native plugins compatible for Editor in 0.86 ms, found 0 plugins.
Preloading 0 native plugins for Editor in 0.00 ms.
Unloading 3 Unused Serialized files (Serialized files now loaded: 0)
System memory in use before: 44.3 MB.
System memory in use after: 44.4 MB.

Unloading 3 unused Assets to reduce memory usage. Loaded Objects now: 1982.
Total: 2.403100 ms (FindLiveObjects: 0.317100 ms CreateObjectMapping: 0.164100 ms MarkObjects: 1.850900 ms  DeleteObjects: 0.070000 ms)

========================================================================
Received Prepare
Refreshing native plugins compatible for Editor in 0.75 ms, found 0 plugins.
Preloading 0 native plugins for Editor in 0.00 ms.
Unloading 3 Unused Serialized files (Serialized files now loaded: 0)
System memory in use before: 44.3 MB.
System memory in use after: 44.4 MB.

Unloading 3 unused Assets to reduce memory usage. Loaded Objects now: 1982.
Total: 1.726200 ms (FindLiveObjects: 0.160100 ms CreateObjectMapping: 0.058500 ms MarkObjects: 1.456600 ms  DeleteObjects: 0.050000 ms)

========================================================================
Received Prepare
Registering precompiled user dll's ...
Registered in 0.000849 seconds.
Begin MonoManager ReloadAssembly
Native extension for WindowsStandalone target not found
Refreshing native plugins compatible for Editor in 0.25 ms, found 0 plugins.
Preloading 0 native plugins for Editor in 0.00 ms.
Mono: successfully reloaded assembly
- Completed reload, in  0.776 seconds
Platform modules already initialized, skipping
Switching build target platform(5) subTarget(0) extendedPlatform(0) -> platform(13) subTarget(524288) extendedPlatform(0)
Refreshing native plugins compatible for Editor in 0.24 ms, found 0 plugins.
Preloading 0 native plugins for Editor in 0.00 ms.
Unloading 1455 Unused Serialized files (Serialized files now loaded: 0)
System memory in use before: 73.3 MB.
System memory in use after: 73.4 MB.

Unloading 7 unused Assets to reduce memory usage. Loaded Objects now: 1985.
Total: 1.806700 ms (FindLiveObjects: 0.185000 ms CreateObjectMapping: 0.089700 ms MarkObjects: 1.452500 ms  DeleteObjects: 0.078500 ms)

AssetImportParameters requested are different than current active one (requested -> active):
  custom:graphics/normal-map-encoding: 01000000000000000000000000000000 -> 02000000000000000000000000000000
========================================================================
Received Prepare
Refreshing native plugins compatible for Editor in 0.79 ms, found 0 plugins.
Preloading 0 native plugins for Editor in 0.00 ms.
Unloading 4 Unused Serialized files (Serialized files now loaded: 0)
System memory in use before: 44.4 MB.
System memory in use after: 44.5 MB.

Unloading 3 unused Assets to reduce memory usage. Loaded Objects now: 1986.
Total: 1.748000 ms (FindLiveObjects: 0.153000 ms CreateObjectMapping: 0.057500 ms MarkObjects: 1.498800 ms  DeleteObjects: 0.037800 ms)

========================================================================
Received Prepare
Refreshing native plugins compatible for Editor in 1.27 ms, found 0 plugins.
Preloading 0 native plugins for Editor in 0.00 ms.
Unloading 3 Unused Serialized files (Serialized files now loaded: 0)
System memory in use before: 44.3 MB.
System memory in use after: 44.4 MB.

Unloading 3 unused Assets to reduce memory usage. Loaded Objects now: 1986.
Total: 4.265700 ms (FindLiveObjects: 0.348400 ms CreateObjectMapping: 0.160900 ms MarkObjects: 3.680200 ms  DeleteObjects: 0.074200 ms)

AssetImportWorkerClient::OnTransportError - code=2 error=End of file
